<?xml version="1.0" encoding="UTF-8"?>
<!-- Generated by org.testng.reporters.JUnitReportReporter -->
<testsuite name="com.testrunner.testRunner" tests="3" time="13.866" ignored="0" failures="0" timestamp="09 Apr 2022 21:15:10 GMT" skipped="0" hostname="Rizuwanas-MacBook-Pro.local" errors="0">
  <testcase name="runScenario" time="5.412" classname="com.testrunner.testRunner"/>
  <testcase name="runScenario" time="4.233" classname="com.testrunner.testRunner"/>
  <testcase name="runScenario" time="4.221" classname="com.testrunner.testRunner"/>
</testsuite> <!-- com.testrunner.testRunner -->
